*** Starting uWSGI 2.0.19.1 (64bit) on [Tue Oct 13 03:36:18 2020] ***
compiled with version: 4.8.5 20150623 (Red Hat 4.8.5-39) on 12 October 2020 06:11:17
os: Linux-3.10.0-514.26.2.el7.x86_64 #1 SMP Tue Jul 4 15:04:05 UTC 2017
nodename: izbp15nirfstm6oe1lyjycz
machine: x86_64
clock source: unix
pcre jit disabled
detected number of CPU cores: 1
current working directory: /root/python_work/XINguan2018/xinguan
detected binary path: /usr/local/python3/bin/uwsgi
uWSGI running as root, you can use --uid/--gid/--chroot options
*** WARNING: you are running uWSGI as root !!! (use the --uid flag) *** 
chdir() to /root/python_work/XINguan2018/xinguan
*** WARNING: you are running uWSGI without its master process manager ***
your processes number limit is 7284
your memory page size is 4096 bytes
detected max file descriptor number: 65535
lock engine: pthread robust mutexes
thunder lock: disabled (you can enable it with --thunder-lock)
uwsgi socket 0 bound to TCP address 127.0.0.1:8997 fd 3
uWSGI running as root, you can use --uid/--gid/--chroot options
*** WARNING: you are running uWSGI as root !!! (use the --uid flag) *** 
Python version: 3.8.5 (default, Sep 16 2020, 15:16:56)  [GCC 4.8.5 20150623 (Red Hat 4.8.5-39)]
*** Python threads support is disabled. You can enable it with --enable-threads ***
Python main interpreter initialized at 0x28d1eb0
uWSGI running as root, you can use --uid/--gid/--chroot options
*** WARNING: you are running uWSGI as root !!! (use the --uid flag) *** 
your server socket listen backlog is limited to 100 connections
your mercy for graceful operations on workers is 60 seconds
mapped 291680 bytes (284 KB) for 4 cores
*** Operational MODE: preforking ***
WSGI app 0 (mountpoint='') ready in 0 seconds on interpreter 0x28d1eb0 pid: 31062 (default app)
uWSGI running as root, you can use --uid/--gid/--chroot options
*** WARNING: you are running uWSGI as root !!! (use the --uid flag) *** 
*** uWSGI is running in multiple interpreter mode ***
spawned uWSGI worker 1 (pid: 31062, cores: 1)
spawned uWSGI worker 2 (pid: 31064, cores: 1)
spawned uWSGI worker 3 (pid: 31065, cores: 1)
spawned uWSGI worker 4 (pid: 31066, cores: 1)
[pid: 31065|app: 0|req: 1/1] 221.10.55.132 () {46 vars in 840 bytes} [Mon Oct 12 19:58:18 2020] GET / => generated 148 bytes in 16 msecs (HTTP/1.1 200) 5 headers in 166 bytes (1 switches on core 0)
Not Found: /favicon.ico
[pid: 31066|app: 0|req: 1/2] 221.10.55.132 () {44 vars in 750 bytes} [Mon Oct 12 19:58:18 2020] GET /favicon.ico => generated 2181 bytes in 17 msecs (HTTP/1.1 404) 5 headers in 159 bytes (1 switches on core 0)
*** Starting uWSGI 2.0.19.1 (64bit) on [Tue Oct 13 04:01:21 2020] ***
compiled with version: 4.8.5 20150623 (Red Hat 4.8.5-39) on 12 October 2020 06:11:17
os: Linux-3.10.0-514.26.2.el7.x86_64 #1 SMP Tue Jul 4 15:04:05 UTC 2017
nodename: izbp15nirfstm6oe1lyjycz
machine: x86_64
clock source: unix
pcre jit disabled
detected number of CPU cores: 1
current working directory: /root/python_work/XINguan2018/xinguan
detected binary path: /usr/local/python3/bin/uwsgi
uWSGI running as root, you can use --uid/--gid/--chroot options
*** WARNING: you are running uWSGI as root !!! (use the --uid flag) *** 
chdir() to /root/python_work/XINguan2018/xinguan
*** WARNING: you are running uWSGI without its master process manager ***
your processes number limit is 7284
your memory page size is 4096 bytes
detected max file descriptor number: 65535
lock engine: pthread robust mutexes
thunder lock: disabled (you can enable it with --thunder-lock)
probably another instance of uWSGI is running on the same address (127.0.0.1:8997).
bind(): Address already in use [core/socket.c line 769]
[pid: 31065|app: 0|req: 2/3] 119.6.185.10 () {46 vars in 839 bytes} [Mon Oct 12 20:02:38 2020] GET / => generated 148 bytes in 1 msecs (HTTP/1.1 200) 5 headers in 166 bytes (1 switches on core 0)
[pid: 31065|app: 0|req: 3/4] 119.6.185.10 () {44 vars in 808 bytes} [Mon Oct 12 20:03:09 2020] GET / => generated 148 bytes in 1 msecs (HTTP/1.1 200) 5 headers in 166 bytes (1 switches on core 0)
[pid: 31065|app: 0|req: 4/5] 119.6.185.10 () {44 vars in 856 bytes} [Mon Oct 12 20:04:24 2020] GET / => generated 163 bytes in 1 msecs (HTTP/1.1 200) 5 headers in 166 bytes (1 switches on core 0)
Not Found: /favicon.ico
[pid: 31064|app: 0|req: 1/6] 119.6.185.10 () {44 vars in 797 bytes} [Mon Oct 12 20:04:25 2020] GET /favicon.ico => generated 2181 bytes in 17 msecs (HTTP/1.1 404) 5 headers in 159 bytes (1 switches on core 0)
Not Found: /jianyue
[pid: 31065|app: 0|req: 5/7] 119.6.185.10 () {44 vars in 870 bytes} [Mon Oct 12 20:04:29 2020] GET /jianyue => generated 2169 bytes in 9 msecs (HTTP/1.1 404) 5 headers in 159 bytes (1 switches on core 0)
[pid: 31066|app: 0|req: 2/8] 119.6.185.10 () {44 vars in 882 bytes} [Mon Oct 12 20:04:34 2020] GET /jianyue/zhuce => generated 0 bytes in 1 msecs (HTTP/1.1 301) 5 headers in 183 bytes (1 switches on core 0)
[pid: 31066|app: 0|req: 3/9] 119.6.185.10 () {44 vars in 884 bytes} [Mon Oct 12 20:04:34 2020] GET /jianyue/zhuce/ => generated 49 bytes in 1 msecs (HTTP/1.1 200) 5 headers in 157 bytes (1 switches on core 0)
[pid: 31065|app: 0|req: 6/10] 141.0.178.134 () {36 vars in 555 bytes} [Mon Oct 12 20:07:44 2020] GET / => generated 163 bytes in 3 msecs (HTTP/1.1 200) 5 headers in 166 bytes (1 switches on core 0)
